<?xml version="1.0" encoding="UTF-8"?>
<testng-results ignored="0" total="1" passed="1" failed="0" skipped="0">
  <reporter-output>
  </reporter-output>
  <suite started-at="2020-04-17T16:07:26 EDT" name="Default suite" finished-at="2020-04-17T16:07:49 EDT" duration-ms="22602">
    <groups>
    </groups>
    <test started-at="2020-04-17T16:07:26 EDT" name="Default test" finished-at="2020-04-17T16:07:49 EDT" duration-ms="22602">
      <class name="javaVideoRecorder.JavaVideoRecorderExample">
        <test-method signature="javaVideoRecorder()[pri:0, instance:javaVideoRecorder.JavaVideoRecorderExample@363ee3a2]" started-at="2020-04-17T16:07:26 EDT" name="javaVideoRecorder" finished-at="2020-04-17T16:07:49 EDT" duration-ms="22478" status="PASS">
          <reporter-output>
          </reporter-output>
        </test-method> <!-- javaVideoRecorder -->
      </class> <!-- javaVideoRecorder.JavaVideoRecorderExample -->
    </test> <!-- Default test -->
  </suite> <!-- Default suite -->
</testng-results>
