<?xml version="1.0" encoding="UTF-8"?>
<testng-results ignored="0" total="1" passed="1" failed="0" skipped="0">
  <reporter-output>
  </reporter-output>
  <suite started-at="2020-04-17T11:30:08 EDT" name="Default suite" finished-at="2020-04-17T11:43:49 EDT" duration-ms="821587">
    <groups>
    </groups>
    <test started-at="2020-04-17T11:30:08 EDT" name="Default test" finished-at="2020-04-17T11:43:49 EDT" duration-ms="821587">
      <class name="tests.testNGVideoRecorder">
        <test-method signature="testNGTest1()[pri:0, instance:tests.testNGVideoRecorder@59d016c9]" started-at="2020-04-17T11:30:08 EDT" name="testNGTest1" finished-at="2020-04-17T11:43:49 EDT" duration-ms="821506" status="PASS">
          <reporter-output>
          </reporter-output>
        </test-method> <!-- testNGTest1 -->
      </class> <!-- tests.testNGVideoRecorder -->
    </test> <!-- Default test -->
  </suite> <!-- Default suite -->
</testng-results>
